<?xml version="1.0" encoding="UTF-8"?>
<testsuite name="censusanalyser.CensusAnalyserTest" tests="19" skipped="0" failures="0" errors="0" timestamp="2020-05-15T17:56:34" hostname="LAPTOP-U0R5V4IK" time="0.832">
  <properties/>
  <testcase name="givenStateCodeData_WithWrongTypeFile_ShouldThrowException" classname="censusanalyser.CensusAnalyserTest" time="0.148"/>
  <testcase name="givenIndianCensusCSVFileReturnsCorrectRecords" classname="censusanalyser.CensusAnalyserTest" time="0.099"/>
  <testcase name="givenIndiaCensusData_whenSortedByState_shouldReturnSortedResult" classname="censusanalyser.CensusAnalyserTest" time="0.146"/>
  <testcase name="givenUSCensusCSVFile_shouldReturnsCorrectRecords" classname="censusanalyser.CensusAnalyserTest" time="0.022"/>
  <testcase name="givenIndiaCensusData_WithWrongDelimiter_ShouldThrowException" classname="censusanalyser.CensusAnalyserTest" time="0.064"/>
  <testcase name="givenStateCodeData_WithWrongHeader_ShouldThrowException" classname="censusanalyser.CensusAnalyserTest" time="0.002"/>
  <testcase name="givenIndiaStateCode_WithWrongFile_ShouldThrowException" classname="censusanalyser.CensusAnalyserTest" time="0.001"/>
  <testcase name="givenIndianStateCsv_shouldReturnExactCount" classname="censusanalyser.CensusAnalyserTest" time="0.031"/>
  <testcase name="givenIndiaCensusData_whenSortedByArea_shouldReturnSmallestAreaStateName" classname="censusanalyser.CensusAnalyserTest" time="0.036"/>
  <testcase name="givenStateCodeData_WithWrongDelimiter_ShouldThrowException" classname="censusanalyser.CensusAnalyserTest" time="0.004"/>
  <testcase name="givenIndiaCensusData_WithWrongTypeFile_ShouldThrowException" classname="censusanalyser.CensusAnalyserTest" time="0.033"/>
  <testcase name="givenIndiaCensusData_WithWrongHeader_ShouldThrowException" classname="censusanalyser.CensusAnalyserTest" time="0.022"/>
  <testcase name="givenIndiaCensusData_whenSortedByArea_shouldReturnLargestAreaStateName" classname="censusanalyser.CensusAnalyserTest" time="0.038"/>
  <testcase name="givenIndiaCensusData_WithWrongFile_ShouldThrowException" classname="censusanalyser.CensusAnalyserTest" time="0.009"/>
  <testcase name="givenIndiaCensusData_whenSortedByPopulation_shouldReturnLeastPopulationStateName" classname="censusanalyser.CensusAnalyserTest" time="0.039"/>
  <testcase name="givenIndiaCensusData_whenSortedByPopulationDensity_shouldReturnHighestPopulationDensityStateName" classname="censusanalyser.CensusAnalyserTest" time="0.041"/>
  <testcase name="givenIndiaCensusData_whenSortedByState_shouldReturnLastStateName" classname="censusanalyser.CensusAnalyserTest" time="0.028"/>
  <testcase name="givenIndiaCensusData_whenSortedByPopulation_shouldReturnHighestPopulationStateName" classname="censusanalyser.CensusAnalyserTest" time="0.033"/>
  <testcase name="givenIndiaCensusData_whenSortedByPopulationDensity_shouldReturnLeastPopulationDensityStateName" classname="censusanalyser.CensusAnalyserTest" time="0.025"/>
  <system-out><![CDATA[]]></system-out>
  <system-err><![CDATA[]]></system-err>
</testsuite>
