<?xml version="1.0" encoding="UTF-8"?>
<testsuite name="censusanalyser.CensusAnalyserTest" tests="16" skipped="0" failures="0" errors="0" timestamp="2020-05-14T06:30:13" hostname="LAPTOP-U0R5V4IK" time="0.917">
  <properties/>
  <testcase name="givenStateCodeData_WithWrongTypeFile_ShouldThrowException" classname="censusanalyser.CensusAnalyserTest" time="0.22"/>
  <testcase name="givenIndianCensusCSVFileReturnsCorrectRecords" classname="censusanalyser.CensusAnalyserTest" time="0.073"/>
  <testcase name="givenIndiaCensusData_whenSortedByState_shouldReturnSortedResult" classname="censusanalyser.CensusAnalyserTest" time="0.197"/>
  <testcase name="givenIndiaCensusData_WithWrongDelimiter_ShouldThrowException" classname="censusanalyser.CensusAnalyserTest" time="0.05"/>
  <testcase name="givenStateCodeData_WithWrongHeader_ShouldThrowException" classname="censusanalyser.CensusAnalyserTest" time="0.024"/>
  <testcase name="givenIndiaStateCode_WithWrongFile_ShouldThrowException" classname="censusanalyser.CensusAnalyserTest" time="0.001"/>
  <testcase name="givenIndianStateCsv_shouldReturnExactCount" classname="censusanalyser.CensusAnalyserTest" time="0.007"/>
  <testcase name="givenStateCodeData_WithWrongDelimiter_ShouldThrowException" classname="censusanalyser.CensusAnalyserTest" time="0.036"/>
  <testcase name="givenIndiaCensusData_WithWrongTypeFile_ShouldThrowException" classname="censusanalyser.CensusAnalyserTest" time="0.038"/>
  <testcase name="givenIndiaCensusData_WithWrongHeader_ShouldThrowException" classname="censusanalyser.CensusAnalyserTest" time="0.034"/>
  <testcase name="givenIndiaCensusData_WithWrongFile_ShouldThrowException" classname="censusanalyser.CensusAnalyserTest" time="0.011"/>
  <testcase name="givenIndiaCensusData_whenSortedByPopulation_shouldReturnLeastPopulationStateName" classname="censusanalyser.CensusAnalyserTest" time="0.048"/>
  <testcase name="givenIndiaCensusData_whenSortedByPopulationDensity_shouldReturnHighestPopulationDensityStateName" classname="censusanalyser.CensusAnalyserTest" time="0.058"/>
  <testcase name="givenIndiaCensusData_whenSortedByState_shouldReturnLastStateName" classname="censusanalyser.CensusAnalyserTest" time="0.035"/>
  <testcase name="givenIndiaCensusData_whenSortedByPopulation_shouldReturnHighestPopulationStateName" classname="censusanalyser.CensusAnalyserTest" time="0.04"/>
  <testcase name="givenIndiaCensusData_whenSortedByPopulationDensity_shouldReturnLeastPopulationDensityStateName" classname="censusanalyser.CensusAnalyserTest" time="0.034"/>
  <system-out><![CDATA[]]></system-out>
  <system-err><![CDATA[Exception in thread "pool-2-thread-2" java.lang.RuntimeException: java.lang.NullPointerException
	at com.opencsv.bean.concurrent.ProcessCsvLine.run(ProcessCsvLine.java:96)
	at java.util.concurrent.ThreadPoolExecutor.runWorker(ThreadPoolExecutor.java:1149)
	at java.util.concurrent.ThreadPoolExecutor$Worker.run(ThreadPoolExecutor.java:624)
	at java.lang.Thread.run(Thread.java:748)
Caused by: java.lang.NullPointerException
	at com.opencsv.bean.HeaderColumnNameMappingStrategy.verifyLineLength(HeaderColumnNameMappingStrategy.java:139)
	at com.opencsv.bean.concurrent.ProcessCsvLine.processLine(ProcessCsvLine.java:122)
	at com.opencsv.bean.concurrent.ProcessCsvLine.run(ProcessCsvLine.java:82)
	... 3 more
Exception in thread "pool-2-thread-1" java.lang.RuntimeException: java.lang.NullPointerException
	at com.opencsv.bean.concurrent.ProcessCsvLine.run(ProcessCsvLine.java:96)
	at java.util.concurrent.ThreadPoolExecutor.runWorker(ThreadPoolExecutor.java:1149)
	at java.util.concurrent.ThreadPoolExecutor$Worker.run(ThreadPoolExecutor.java:624)
	at java.lang.Thread.run(Thread.java:748)
Caused by: java.lang.NullPointerException
	at com.opencsv.bean.HeaderColumnNameMappingStrategy.verifyLineLength(HeaderColumnNameMappingStrategy.java:139)
	at com.opencsv.bean.concurrent.ProcessCsvLine.processLine(ProcessCsvLine.java:122)
	at com.opencsv.bean.concurrent.ProcessCsvLine.run(ProcessCsvLine.java:82)
	... 3 more
]]></system-err>
</testsuite>
