<?xml version="1.0" encoding="UTF-8"?>
<testsuite name="censusanalyser.CensusAnalyserTest" tests="18" skipped="0" failures="0" errors="0" timestamp="2020-05-15T14:47:03" hostname="LAPTOP-U0R5V4IK" time="0.865">
  <properties/>
  <testcase name="givenStateCodeData_WithWrongTypeFile_ShouldThrowException" classname="censusanalyser.CensusAnalyserTest" time="0.239"/>
  <testcase name="givenIndianCensusCSVFileReturnsCorrectRecords" classname="censusanalyser.CensusAnalyserTest" time="0.07"/>
  <testcase name="givenIndiaCensusData_whenSortedByState_shouldReturnSortedResult" classname="censusanalyser.CensusAnalyserTest" time="0.148"/>
  <testcase name="givenIndiaCensusData_WithWrongDelimiter_ShouldThrowException" classname="censusanalyser.CensusAnalyserTest" time="0.041"/>
  <testcase name="givenStateCodeData_WithWrongHeader_ShouldThrowException" classname="censusanalyser.CensusAnalyserTest" time="0.019"/>
  <testcase name="givenIndiaStateCode_WithWrongFile_ShouldThrowException" classname="censusanalyser.CensusAnalyserTest" time="0.001"/>
  <testcase name="givenIndianStateCsv_shouldReturnExactCount" classname="censusanalyser.CensusAnalyserTest" time="0.027"/>
  <testcase name="givenIndiaCensusData_whenSortedByArea_shouldReturnSmallestAreaStateName" classname="censusanalyser.CensusAnalyserTest" time="0.04"/>
  <testcase name="givenStateCodeData_WithWrongDelimiter_ShouldThrowException" classname="censusanalyser.CensusAnalyserTest" time="0.019"/>
  <testcase name="givenIndiaCensusData_WithWrongTypeFile_ShouldThrowException" classname="censusanalyser.CensusAnalyserTest" time="0.022"/>
  <testcase name="givenIndiaCensusData_WithWrongHeader_ShouldThrowException" classname="censusanalyser.CensusAnalyserTest" time="0.042"/>
  <testcase name="givenIndiaCensusData_whenSortedByArea_shouldReturnLargestAreaStateName" classname="censusanalyser.CensusAnalyserTest" time="0.033"/>
  <testcase name="givenIndiaCensusData_WithWrongFile_ShouldThrowException" classname="censusanalyser.CensusAnalyserTest" time="0.009"/>
  <testcase name="givenIndiaCensusData_whenSortedByPopulation_shouldReturnLeastPopulationStateName" classname="censusanalyser.CensusAnalyserTest" time="0.023"/>
  <testcase name="givenIndiaCensusData_whenSortedByPopulationDensity_shouldReturnHighestPopulationDensityStateName" classname="censusanalyser.CensusAnalyserTest" time="0.025"/>
  <testcase name="givenIndiaCensusData_whenSortedByState_shouldReturnLastStateName" classname="censusanalyser.CensusAnalyserTest" time="0.041"/>
  <testcase name="givenIndiaCensusData_whenSortedByPopulation_shouldReturnHighestPopulationStateName" classname="censusanalyser.CensusAnalyserTest" time="0.029"/>
  <testcase name="givenIndiaCensusData_whenSortedByPopulationDensity_shouldReturnLeastPopulationDensityStateName" classname="censusanalyser.CensusAnalyserTest" time="0.027"/>
  <system-out><![CDATA[]]></system-out>
  <system-err><![CDATA[]]></system-err>
</testsuite>
