<?xml version="1.0" encoding="UTF-8"?>
<testsuite name="censusanalyser.CensusAnalyserTest" tests="17" skipped="0" failures="0" errors="0" timestamp="2020-05-16T04:15:14" hostname="LAPTOP-U0R5V4IK" time="0.917">
  <properties/>
  <testcase name="givenUSCensusData_whenSortedByPopulation_shouldReturnLeastPopulationStateName" classname="censusanalyser.CensusAnalyserTest" time="0.078"/>
  <testcase name="givenIndiaCensusData_WithWrongDelimiter_ShouldThrowException" classname="censusanalyser.CensusAnalyserTest" time="0.348"/>
  <testcase name="givenUSCensusData_whenSortedByPopulation_shouldReturnHighestPopulationStateName" classname="censusanalyser.CensusAnalyserTest" time="0.002"/>
  <testcase name="givenIndiaCensusData_whenSortedByArea_shouldReturnSmallestAreaStateName" classname="censusanalyser.CensusAnalyserTest" time="0.073"/>
  <testcase name="givenIndianCensusCSVFile_shouldReturnsTotalNumberOfCorrectRecords" classname="censusanalyser.CensusAnalyserTest" time="0.037"/>
  <testcase name="givenIndiaCensusData_WithWrongTypeFile_ShouldThrowException" classname="censusanalyser.CensusAnalyserTest" time="0.061"/>
  <testcase name="givenUSCensusCSVFile_shouldReturnsTotalNumberOfRecords" classname="censusanalyser.CensusAnalyserTest" time="0.003"/>
  <testcase name="givenIndiaCensusData_WithWrongHeader_ShouldThrowException" classname="censusanalyser.CensusAnalyserTest" time="0.035"/>
  <testcase name="givenIndiaCensusData_whenSortedByArea_shouldReturnLargestAreaStateName" classname="censusanalyser.CensusAnalyserTest" time="0.031"/>
  <testcase name="givenIndiaCensusData_WithWrongFile_ShouldThrowException" classname="censusanalyser.CensusAnalyserTest" time="0.003"/>
  <testcase name="givenIndiaCensusData_whenSortedByPopulation_shouldReturnLeastPopulationStateName" classname="censusanalyser.CensusAnalyserTest" time="0.037"/>
  <testcase name="givenIndiaCensusData_whenSortedByArea_shouldReturnStateNameOf7thLargestArea" classname="censusanalyser.CensusAnalyserTest" time="0.048"/>
  <testcase name="givenIndiaCensusData_whenSortedByPopulationDensity_shouldReturnHighestPopulationDensityStateName" classname="censusanalyser.CensusAnalyserTest" time="0.032"/>
  <testcase name="givenIndiaCensusData_whenSortedByState_shouldReturnLastStateName" classname="censusanalyser.CensusAnalyserTest" time="0.029"/>
  <testcase name="givenIndiaCensusData_whenSortedByPopulation_shouldReturnHighestPopulationStateName" classname="censusanalyser.CensusAnalyserTest" time="0.034"/>
  <testcase name="givenIndiaCensusData_whenSortedByState_shouldReturnFirstStateName" classname="censusanalyser.CensusAnalyserTest" time="0.024"/>
  <testcase name="givenIndiaCensusData_whenSortedByPopulationDensity_shouldReturnLeastPopulationDensityStateName" classname="censusanalyser.CensusAnalyserTest" time="0.023"/>
  <system-out><![CDATA[]]></system-out>
  <system-err><![CDATA[]]></system-err>
</testsuite>
